This is cutadapt 1.18 with Python 3.7.13
Command line parameters: -n 2 -g CGAAACACCG -a GTTTTAGAGC -G GCTCTAAAAC -A CGGTGTTTCG --discard-untrimmed -o cut_sgrna/cut_sample1_21day_forward.fastq -p cut_sgrna/cut_sample1_21day_reverse.fastq raw_data/sample1_21day_forward.fastq raw_data/sample1_21day_reverse.fastq
Processing reads on 1 core in paired-end mode ...
Finished in 0.05 s (48 us/read; 1.25 M reads/minute).

=== Summary ===

Total read pairs processed:              1,000
  Read 1 with adapter:                     999 (99.9%)
  Read 2 with adapter:                     999 (99.9%)
Pairs written (passing filters):           998 (99.8%)

Total basepairs processed:       300,000 bp
  Read 1:       150,000 bp
  Read 2:       150,000 bp
Total written (filtered):         43,221 bp (14.4%)
  Read 1:        22,626 bp
  Read 2:        20,595 bp

=== First read: Adapter 1 ===

Sequence: GTTTTAGAGC; Type: regular 3'; Length: 10; Trimmed: 965 times.

No. of allowed errors:
0-9 bp: 0; 10 bp: 1

Bases preceding removed adapters:
  A: 17.5%
  C: 39.3%
  G: 17.6%
  T: 25.6%
  none/other: 0.0%

Overview of removed sequences
length	count	expect	max.err	error counts
65	1	0.0	1	1
67	1	0.0	1	0 1
68	1	0.0	1	1
70	1	0.0	1	1
75	1	0.0	1	1
77	1	0.0	1	0 1
78	86	0.0	1	67 19
79	54	0.0	1	48 6
80	158	0.0	1	128 30
81	139	0.0	1	102 37
82	63	0.0	1	49 14
83	85	0.0	1	63 22
84	125	0.0	1	46 79
85	126	0.0	1	116 10
86	41	0.0	1	38 3
87	71	0.0	1	67 4
88	3	0.0	1	2 1
89	3	0.0	1	2 1
90	2	0.0	1	2
92	1	0.0	1	1
96	1	0.0	1	0 1
98	1	0.0	1	1

=== First read: Adapter 2 ===

Sequence: CGAAACACCG; Type: regular 5'; Length: 10; Trimmed: 999 times.

No. of allowed errors:
0-9 bp: 0; 10 bp: 1

Overview of removed sequences
length	count	expect	max.err	error counts
42	4	0.0	1	0 4
43	73	0.0	1	69 4
44	41	0.0	1	33 8
45	129	0.0	1	114 15
46	135	0.0	1	126 9
47	98	0.0	1	93 5
48	62	0.0	1	51 11
49	135	0.0	1	123 12
50	164	0.0	1	156 8
51	57	0.0	1	44 13
52	99	0.0	1	96 3
53	1	0.0	1	0 1
63	1	0.0	1	1

=== Second read: Adapter 3 ===

Sequence: CGGTGTTTCG; Type: regular 3'; Length: 10; Trimmed: 991 times.

No. of allowed errors:
0-9 bp: 0; 10 bp: 1

Bases preceding removed adapters:
  A: 29.5%
  C: 17.4%
  G: 30.1%
  T: 23.1%
  none/other: 0.0%

Overview of removed sequences
length	count	expect	max.err	error counts
46	1	0.0	1	0 1
47	1	0.0	1	0 1
48	1	0.0	1	1
49	1	0.0	1	1
52	1	0.0	1	1
54	1	0.0	1	1
56	19	0.0	1	15 4
57	852	0.0	1	772 80
58	91	0.0	1	82 9
59	8	0.0	1	8
60	3	0.0	1	3
61	2	0.0	1	2
62	1	0.0	1	1
63	1	0.0	1	0 1
64	1	0.0	1	1
67	1	0.0	1	0 1
69	1	0.0	1	1
70	1	0.0	1	0 1
71	1	0.0	1	0 1
73	1	0.0	1	1
74	1	0.0	1	1
123	1	0.0	1	1

=== Second read: Adapter 4 ===

Sequence: GCTCTAAAAC; Type: regular 5'; Length: 10; Trimmed: 994 times.

No. of allowed errors:
0-9 bp: 0; 10 bp: 1

Overview of removed sequences
length	count	expect	max.err	error counts
15	1	0.0	1	1
71	1	0.0	1	0 1
72	43	0.0	1	2 41
73	943	0.0	1	942 1
74	6	0.0	1	1 5

