This is cutadapt 3.7 with Python 3.9.2
Command line parameters: -n 2 -g CGAAACACCG -a GTTTTAGAGC -G GCTCTAAAAC -A CGGTGTTTCG --discard-untrimmed -o cut_sgrna/cut_sample1_7day_forward.fastq -p cut_sgrna/cut_sample1_7day_reverse.fastq raw_data/sample1_7day_forward.fastq raw_data/sample1_7day_reverse.fastq
Processing reads on 1 core in paired-end mode ...
Finished in 0.05 s (46 µs/read; 1.30 M reads/minute).

=== Summary ===

Total read pairs processed:              1,000
  Read 1 with adapter:                   1,000 (100.0%)
  Read 2 with adapter:                     997 (99.7%)

== Read fate breakdown ==
Pairs discarded as untrimmed:                3 (0.3%)
Pairs written (passing filters):           997 (99.7%)

Total basepairs processed:       300,000 bp
  Read 1:       150,000 bp
  Read 2:       150,000 bp
Total written (filtered):         43,824 bp (14.6%)
  Read 1:        22,722 bp
  Read 2:        21,102 bp

=== First read: Adapter 1 ===

Sequence: CGAAACACCG; Type: regular 5'; Length: 10; Trimmed: 997 times

Minimum overlap: 3
No. of allowed errors:
1-9 bp: 0; 10 bp: 1

Overview of removed sequences
length	count	expect	max.err	error counts
3	1	15.6	0	1
43	74	0.0	1	66 8
44	29	0.0	1	25 4
45	136	0.0	1	125 11
46	146	0.0	1	128 18
47	82	0.0	1	74 8
48	53	0.0	1	46 7
49	128	0.0	1	120 8
50	181	0.0	1	160 21
51	50	0.0	1	44 6
52	111	0.0	1	101 10
53	6	0.0	1	1 5


=== First read: Adapter 2 ===

Sequence: GTTTTAGAGC; Type: regular 3'; Length: 10; Trimmed: 964 times

Minimum overlap: 3
No. of allowed errors:
1-9 bp: 0; 10 bp: 1

Bases preceding removed adapters:
  A: 20.9%
  C: 37.8%
  G: 19.4%
  T: 22.0%
  none/other: 0.0%

Overview of removed sequences
length	count	expect	max.err	error counts
59	1	0.0	1	0 1
67	1	0.0	1	0 1
69	1	0.0	1	1
77	5	0.0	1	3 2
78	96	0.0	1	74 22
79	49	0.0	1	41 8
80	168	0.0	1	133 35
81	126	0.0	1	83 43
82	55	0.0	1	42 13
83	76	0.0	1	62 14
84	137	0.0	1	60 77
85	133	0.0	1	127 6
86	32	0.0	1	29 3
87	74	0.0	1	70 4
88	4	0.0	1	3 1
89	2	0.0	1	1 1
90	1	0.0	1	1
92	1	0.0	1	1
98	1	0.0	1	1
106	1	0.0	1	0 1


=== Second read: Adapter 3 ===

Sequence: GCTCTAAAAC; Type: regular 5'; Length: 10; Trimmed: 985 times

Minimum overlap: 3
No. of allowed errors:
1-9 bp: 0; 10 bp: 1

Overview of removed sequences
length	count	expect	max.err	error counts
72	30	0.0	1	1 29
73	952	0.0	1	935 17
74	3	0.0	1	0 3


=== Second read: Adapter 4 ===

Sequence: CGGTGTTTCG; Type: regular 3'; Length: 10; Trimmed: 983 times

Minimum overlap: 3
No. of allowed errors:
1-9 bp: 0; 10 bp: 1

Bases preceding removed adapters:
  A: 28.8%
  C: 21.2%
  G: 27.8%
  T: 22.3%
  none/other: 0.0%

Overview of removed sequences
length	count	expect	max.err	error counts
3	1	15.6	0	1
49	1	0.0	1	0 1
56	17	0.0	1	14 3
57	846	0.0	1	758 88
58	86	0.0	1	75 11
59	16	0.0	1	14 2
60	4	0.0	1	4
61	1	0.0	1	1
62	2	0.0	1	2
71	2	0.0	1	1 1
76	1	0.0	1	1
125	2	0.0	1	2
127	1	0.0	1	1
129	2	0.0	1	2
134	1	0.0	1	1
